<?xml version="1.0" encoding="UTF-8"?>
<testng-results skipped="0" failed="0" ignored="0" total="1" passed="1">
  <reporter-output>
  </reporter-output>
  <suite name="Suite" duration-ms="3583" started-at="2022-10-23T11:49:14 EDT" finished-at="2022-10-23T11:49:18 EDT">
    <groups>
    </groups>
    <test name="Test" duration-ms="3583" started-at="2022-10-23T11:49:14 EDT" finished-at="2022-10-23T11:49:18 EDT">
      <class name="test.TC_loging_001">
        <test-method status="PASS" signature="setup(java.lang.String)[pri:0, instance:test.TC_loging_001@289d1c02]" name="setup" is-config="true" duration-ms="2804" started-at="2022-10-23T11:49:14 EDT" finished-at="2022-10-23T11:49:17 EDT">
          <params>
            <param index="0">
              <value>
                <![CDATA[chrome]]>
              </value>
            </param>
          </params>
          <reporter-output>
          </reporter-output>
        </test-method> <!-- setup -->
        <test-method status="PASS" signature="loging()[pri:0, instance:test.TC_loging_001@289d1c02]" name="loging" duration-ms="151" started-at="2022-10-23T11:49:17 EDT" finished-at="2022-10-23T11:49:17 EDT">
          <reporter-output>
          </reporter-output>
        </test-method> <!-- loging -->
        <test-method status="PASS" signature="tearDown()[pri:0, instance:test.TC_loging_001@289d1c02]" name="tearDown" is-config="true" duration-ms="609" started-at="2022-10-23T11:49:17 EDT" finished-at="2022-10-23T11:49:18 EDT">
          <reporter-output>
          </reporter-output>
        </test-method> <!-- tearDown -->
      </class> <!-- test.TC_loging_001 -->
    </test> <!-- Test -->
  </suite> <!-- Suite -->
</testng-results>
